[   0.00000] Lnux version 4.15.0-45-generic (buldd@lgw01-amd64-031) (gcc version 7.3.0 (Ubuntu 7.3.0-16ubuntu3)) #48-Ubuntu SMP Tue Jan 29 16:28:13 UTC 2019 (Ubuntu 4.15.0-45.488-eneric 4.15.18)
[    0.000000] Command line: BOOT_IMAGE=/boot/vmlinuz-4.15.0-45-generic root=LABEL=cloudimg-rootfs ro console=tty1 console=ttyS0
[    0.000000] KERNEL supported cpus:
[    0.000000]   Intel GenuineIntel
[    0.000000]   AMD AuthenticAMD
[    0.000000]   Centaur CentaurHauls
[    0.000000] x86/fpu: Supporting XSAVE feature 0x001: 'x87 floating point registers'
[    0.000000] x86/fpu: Supporting XSAVE feature 0x002: 'SSE registers'
[    0.000000] x86/fpu: Enabled xstate features 0x3, context size is 576 bytes, using 'standard' format.
[    0.000000] e820: BIOS-provided physical RAM map:
[    0.000000] BIOS-e820: [mem 0x0000000000000000-0x000000000009fbff] usable
[    0.000000] BIOS-e820: [mem 0x000000000009fc00-0x000000000009ffff] reserved
[    0.000000] BIOS-e820: [mem 0x00000000000f0000-0x00000000000fffff] reserved
[    0.000000] BIOS-e820: [mem 0x0000000000100000-0x000000003ffeffff] usable
[    0.000000] BIOS-e820: [mem 0x000000003fff0000-0x000000003fffffff] ACPI data
[    0.000000] BIOS-e820: [mem 0x00000000fec00000-0x00000000fec00fff] reserved
[    0.000000] BIOS-e820: [mem 0x00000000fee00000-0x00000000fee00fff] reserved
[    0.000000] BIOS-e820: [mem 0x00000000fffc0000-0x00000000ffffffff] reserved
[    0.000000] NX (Execute Disable) protection: active
[    0.000000] SMBIOS 2.5 present.
[    0.000000] DMI: innotek GmbH VirtualBox/VirtualBox, BIOS VirtualBox 12/01/2006
[    0.000000] Hypervisor detected: KVM
[    0.000000] e820: last_pfn = 0x3fff0 max_arch_pfn = 0x400000000
[    0.000000] MTRR: Disabled
[    0.000000] x86/PAT: MTRRs disabled, skipping PAT initialization too.
[    0.000000] CPU MTRRs all blank - virtualized system.
[    0.000000] x86/PAT: Configuration [0-7]: WB  WT  UC- UC  WB  WT  UC- UC  
[    0.000000] found SMP MP-table at [mem 0x0009fff0-0x0009fff] mapped at [        (ptrval)]
[    0.000000] Scanning 1 areas for low memory corruption
[    0.000000] RAMDISK: [mem 0x35adf000-0x36d66fff]
[    0.000000] ACPI: Early table checksum verification disabled
[    0.000000] ACPI: RSDP 0x00000000000E0000 000024 (v02 VBOX  )
[    0.000000] ACPI: XSDT 0x000000003FFF0030 00003C (v01 VBOX   VBOXXSDT 00000001 ASL  00000061)
[    0.000000] ACPI: FACP 0x000000003FFF00F0 0000F4 (v04 VBOX   VBOXFACP 00000001 ASL  00000061)
[    0.000000] ACPI: DSDT 0x000000003FFF0470 0021FF (v02 VBOX   VBOXBIOS 00000002 INTL 20100528)
[    0.000000] ACPI: FACS 0x000000003FFF0200 000040
[    0.000000] ACPI: FACS 0x000000003FFF0200 000040
[    0.000000] ACPI: APIC 0x000000003FFF0240 00005C (v02 VBOX   VBOXAPIC 00000001 ASL  00000061)
[    0.000000] ACPI: SSDT 0x000000003FFF02A0 0001CC (v01 VBOX   VBOXCPUT 00000002 INTL 20100528)
[    0.000000] No NUMA configuration found
[    0.000000] Faking a node at [mem 0x0000000000000000-0x000000003ffeffff]
[    0.000000] NODE_DATA(0) allocated [mem 0x3ffc5000-0x3ffeffff]
[    0.000000] kvm-clock: cpu 0, msr 0:3ff44001, primary cpu clock
[    0.000000] kvm-clock: Using msrs 4b564d01 and 4b564d00
[    0.000000] kvm-clock: using sched offset of 5953832515 cycles
[    0.000000] clocksource: kvm-clock: mask: 0xffffffffffffffff max_cycles: 0x1cd42e4dffb, max_idle_ns: 881590591483 ns
[    0.000000] Zone ranges:
[    0.000000]   DMA      [mem 0x0000000000001000-0x0000000000ffffff]
[    0.000000]   DMA32    [mem 0x0000000001000000-0x000000003ffeffff]
[    0.000000]   Normal   empty
[    0.000000]   Device   empty
[    0.000000] Movable zone start for each node
[    0.000000] Early memory node ranges
[    0.000000]   node   0: [mem 0x0000000000001000-0x000000000009efff]
[    0.000000]   node   0: [mem 0x0000000000100000-0x000000003ffeffff]
[    0.000000] Reserved but unavailable: 114 pages
[    0.000000] Initmem setup node 0 [mem 0x0000000000001000-0x000000003ffeffff]
[    0.000000] ACPI: PM-Timer IO Port: 0x4008
[    0.000000] IOAPIC[0]: apic_id 2, version 32, address 0xfec00000, GSI 0-23
[    0.000000] ACPI: INT_SRC_OVR (bus 0 bus_irq 0 global_irq 2 dfl dfl)
[    0.000000] ACPI: INT_SRC_OVR (bus 0 bus_irq 9 global_irq 9 low level)
[    0.000000] Using ACPI (MADT) for SMP configuration information
[    0.000000] smpboot: Allowing 2 CPUs, 0 hotplug CPUs
[    0.000000] PM: Registered nosave memory: [mem 0x00000000-0x00000fff]
[    0.000000] PM: Registered nosave memory: [mem 0x0009f000-0x0009ffff]
[    0.000000] PM: Registered nosave memory: [mem 0x000a0000-0x000effff]
[    0.000000] PM: Registered nosave memory: [mem 0x000f0000-0x000fffff]
[    0.000000] e820: [mem 0x40000000-0xfebfffff] available for PCI devices
[    0.000000] Booting paravirtualized kernel on KVM
[    0.000000] clocksource: refined-jiffies: mask: 0xffffffff max_cycles: 0xffffffff, max_idle_ns: 7645519600211568 ns
[    0.000000] random: get_random_bytes called from start_kernel+0x99/0x4fd with crng_init=0
[    0.000000] setup_percpu: NR_CPUS:8192 nr_cpumask_bits:2 nr_cpu_ids:2 nr_node_ids:1
[    0.000000] percpu: Embedded 46 pages/cpu @        (ptrval) s151552 r8192 d28672 u1048576
[    0.000000] PV qspinlock hash table entries: 256 (order: 0, 4096 bytes)
[    0.000000] Built 1 zonelists, mobility grouping on.  Total pages: 257913
[    0.000000] Policy zone: DMA32
[    0.000000] Kernel command line: BOOT_IMAGE=/boot/vmlinuz-4.15.0-45-generic root=LABEL=cloudimg-rootfs ro console=tty1 console=ttyS0
[    0.000000] Memory: 983608K/1048120K available (12300K kernel code, 2473K rwdata, 4252K rodata, 2408K init, 2416K bss, 64512K reserved, 0K cma-reserved)
[    0.000000] SLUB: HWalign=64, Order=0-3, MinObjects=0, CPUs=2, Nodes=1
[    0.000000] Kernel/User page tables isolation: enabled
[    0.000000] ftrace: allocating 39194 entries in 154 pages
[    0.004000] Hierarchical RCU implementation.
[    0.004000] 	RCU restricting CPUs from NR_CPUS=8192 to nr_cpu_ids=2.
[    0.004000] 	Tasks RCU enabled.
[    0.004000] RCU: Adjusting geometry for rcu_fanout_leaf=16, nr_cpu_ids=2
[    0.004000] NR_IRQS: 524544, nr_irqs: 440, preallocated irqs: 16
[    0.004000] Console: colour VGA+ 80x25
[    0.004000] console [tty1] enabled
[    0.004000] console [ttyS0] enabled
[    0.004000] ACPI: Core revision 20170831
[    0.004000] ACPI: 2 ACPI AML tables successfully acquired and loaded
[    0.004000] APIC: Switch to symmetric I/O mode setup
[    0.004000] x2apic enabled
[    0.004013] Switched APIC routing to physical x2apic.
[    0.012537] ..TIMER: vector=0x30 apic1=0 pin1=2 apic2=-1 pin2=-1
[    0.016011] tsc: Detected 1496.601 MHz processor
[    0.020016] Calibrating delay loop (skipped) preset value.. 2993.20 BogoMIPS (lpj=5986404)
[    0.024012] pid_max: default: 32768 minimum: 301
[    0.028074] Security Framework initialized
[    0.032010] Yama: becoming mindful.
[    0.034395] AppArmor: AppArmor initialized
[    0.040205] Dentry cache hash table entries: 131072 (order: 8, 1048576 bytes)
[    0.044147] Inode-cache hash table entries: 65536 (order: 7, 524288 bytes)
[    0.048047] Mount-cache hash table entries: 2048 (order: 2, 16384 bytes)
[    0.052026] Mountpoint-cache hash table entries: 2048 (order: 2, 16384 bytes)
[    0.056523] mce: CPU supports 0 MCE banks
[    0.060042] Last level iTLB entries: 4KB 512, 2MB 8, 4MB 8
[    0.064012] Last level dTLB entries: 4KB 512, 2MB 32, 4MB 32, 1GB 0
[    0.068013] Spectre V2 : Mitigation: Full generic retpoline
[    0.072010] Spectre V2 : Spectre v2 / SpectreRSB mitigation: Filling RSB on context switch
[    0.076010] Speculative Store Bypass: Vulnerable
[    0.080196] Freeing SMP alternatives memory: 36K
[    0.088000] smpboot: CPU0: Intel(R) Celeron(R) CPU 1007U @ 1.50GHz (family: 0x6, model: 0x3a, stepping: 0x9)
[    0.088250] Performance Events: unsupported p6 CPU model 58 no PMU driver, software events only.
[    0.096091] Hierarchical SRCU implementation.
[    0.099663] NMI watchdog: Perf event create on CPU 0 failed with -2
[    0.100007] NMI watchdog: Perf NMI watchdog permanently disabled
[    0.104115] smp: Bringing up secondary CPUs ...
[    0.108200] x86: Booting SMP configuration:
[    0.110374] .... node  #0, CPUs:      #1
[    0.004000] kvm-clock: cpu 1, msr 0:3ff44041, secondary cpu clock
[    0.004000] mce: CPU supports 0 MCE banks
[    0.158036] smp: Brought up 1 node, 2 CPUs
[    0.160017] smpboot: Max logical packages: 1
[    0.164017] smpboot: Total of 2 processors activated (5986.40 BogoMIPS)
[    0.168236] devtmpfs: initialized
[    0.172097] x86/mm: Memory block size: 128MB
[    0.174081] evm: security.selinux
[    0.176011] evm: security.SMACK64
[    0.177407] evm: security.SMACK64EXEC
[    0.180010] evm: security.SMACK64TRANSMUTE
[    0.184006] evm: security.SMACK64MMAP
[    0.185484] evm: security.apparmor
[    0.187006] evm: security.ima
[    0.188006] evm: security.capability
[    0.192632] clocksource: jiffies: mask: 0xffffffff max_cycles: 0xffffffff, max_idle_ns: 7645041785100000 ns
[    0.196020] futex hash table entries: 512 (order: 3, 32768 bytes)
[    0.200117] pinctrl core: initialized pinctrl subsystem
[    0.212248] RTC time:  8:12:18, date: 03/06/19
[    0.216353] NET: Registered protocol family 16
[    0.220154] audit: initializing netlink subsys (disabled)
[    0.224009] audit: type=2000 audit(1551859944.571:1): state=initialized audit_enabled=0 res=1
[    0.232021] cpuidle: using governor ladder
[    0.236022] cpuidle: using governor menu
[    0.238359] ACPI: bus type PCI registered
[    0.240012] acpiphp: ACPI Hot Plug PCI Controller Driver version: 0.5
[    0.244249] PCI: Using configuration type 1 for base access
[    0.252139] HugeTLB registered 2.00 MiB page size, pre-allocated 0 pages
[    0.256166] ACPI: Added _OSI(Module Device)
[    0.257896] ACPI: Added _OSI(Processor Device)
[    0.260020] ACPI: Added _OSI(3.0 _SCP Extensions)
[    0.264021] ACPI: Added _OSI(Processor Aggregator Device)
[    0.266300] ACPI: Added _OSI(Linux-Dell-Video)
[    0.268007] ACPI: Added _OSI(Linux-Lenovo-NV-HDMI-Audio)
[    0.270995] ACPI: Added _OSI(Linux-HPI-Hybrid-Graphics)
[    0.272659] ACPI: Executed 1 blocks of module-level executable AML code
[    0.289300] ACPI: Interpreter enabled
[    0.291634] ACPI: (supports S0 S5)
[    0.292012] ACPI: Using IOAPIC for interrupt routing
[    0.296633] PCI: Using host bridge windows from ACPI; if necessary, use "pci=nocrs" and report a bug
[    0.300903] ACPI: Enabled 2 GPEs in block 00 to 07
[    0.321180] ACPI: PCI Root Bridge [PCI0] (domain 0000 [bus 00-ff])
[    0.324030] acpi PNP0A03:00: _OSC: OS supports [ASPM ClockPM Segments MSI]
[    0.328095] acpi PNP0A03:00: _OSC: not requesting OS control; OS requires [ExtendedConfig ASPM ClockPM MSI]
[    0.332045] acpi PNP0A03:00: fail to add MMCONFIG information, can't access extended PCI configuration space under this bridge.
[    0.337092] PCI host bridge to bus 0000:00
[    0.340018] pci_bus 0000:00: root bus resource [io  0x0000-0x0cf7 window]
[    0.343630] pci_bus 0000:00: root bus resource [io  0x0d00-0xffff window]
[    0.344019] pci_bus 0000:00: root bus resource [mem 0x000a0000-0x000bffff window]
[    0.348019] pci_bus 0000:00: root bus resource [mem 0x40000000-0xfdffffff window]
[    0.352019] pci_bus 0000:00: root bus resource [bus 00-ff]
[    0.362024] pci 0000:00:01.1: legacy IDE quirk: reg 0x10: [io  0x01f0-0x01f7]
[    0.364017] pci 0000:00:01.1: legacy IDE quirk: reg 0x14: [io  0x03f6]
[    0.368017] pci 0000:00:01.1: legacy IDE quirk: reg 0x18: [io  0x0170-0x0177]
[    0.372015] pci 0000:00:01.1: legacy IDE quirk: reg 0x1c: [io  0x0376]
[    0.419219] pci 0000:00:07.0: quirk: [io  0x4000-0x403f] claimed by PIIX4 ACPI
[    0.420091] pci 0000:00:07.0: quirk: [io  0x4100-0x410f] claimed by PIIX4 SMB
[    0.457042] ACPI: PCI Interrupt Link [LNKA] (IRQs 5 9 10 *11)
[    0.460496] ACPI: PCI Interrupt Link [LNKB] (IRQs 5 9 *10 11)
[    0.468237] ACPI: PCI Interrupt Link [LNKC] (IRQs 5 *9 10 11)
[    0.472486] ACPI: PCI Interrupt Link [LNKD] (IRQs 5 9 10 *11)
[    0.476811] SCSI subsystem initialized
[    0.480071] pci 0000:00:02.0: vgaarb: setting as boot VGA device
[    0.483872] pci 0000:00:02.0: vgaarb: VGA device added: decodes=io+mem,owns=io+mem,locks=none
[    0.484021] pci 0000:00:02.0: vgaarb: bridge control possible
[    0.488010] vgaarb: loaded
[    0.492073] ACPI: bus type USB registered
[    0.496058] usbcore: registered new interface driver usbfs
[    0.500031] usbcore: registered new interface driver hub
[    0.504069] usbcore: registered new device driver usb
[    0.508147] EDAC MC: Ver: 3.0.0
[    0.510083] PCI: Using ACPI for IRQ routing
[    0.512707] NetLabel: Initializing
[    0.514298] NetLabel:  domain hash size = 128
[    0.516012] NetLabel:  protocols = UNLABELED CIPSOv4 CALIPSO
[    0.520045] NetLabel:  unlabeled traffic allowed by default
[    0.528690] clocksource: Switched to clocksource kvm-clock
[    0.627034] VFS: Disk quotas dquot_6.6.0
[    0.628936] VFS: Dquot-cache hash table entries: 512 (order 0, 4096 bytes)
[    0.632576] AppArmor: AppArmor Filesystem Enabled
[    0.635224] pnp: PnP ACPI init
[   0.641493] pnp: PnP AI: fund 3 devices

[    0.818908] clocksource: acpi_pm: mask: 0xffffff max_cycles: 0xffffff, max_idle_ns: 2085701024 ns
[    0.823584] NET: Registered protocol family 2
[    0.839565] TCP established hash table entries: 8192 (order: 4, 65536 bytes)
[    0.843337] TCP bind hash table entries: 8192 (order: 5, 131072 bytes)
[    0.845741] TCP: Hash tables configured (stblshd 192 bind 8192)
[    1.049781] UDP hash table entries: 512 (order: 2, 16384 bytes)
[    1.052690] UDP-Lite hash table entries: 512 (order: 2, 16384 bytes)
[    1.057124] NET: Registered protocol family 1
[    1.060220] pci 0000:00:00.0: Limiting direct PCI/PCI transfers
[    1.063463] pci 0000:00:01.0: Activating ISA DMA hang workarounds
[    1.066513] pci 0000:00:02.0: Video device with shadowed ROM at [mem 0x000c0000-0x000dffff]
[    1.070807] Unpacking initramfs...

[    2.124254] Freeing initrd memory: 18976K
[    2.134436] platform rtc_cmos: registered platform RTC device (no PNP device found)
[    2.143025] Scanning for low memory corruption every 60 seconds
[    2.146324] Initialise system trusted keyrings
[    2.149561] Key type blacklist registered
[    2.151495] workingset: timestamp_bits=36 max_order=18 bucket_order=0
[    2.168388] zbud: loaded
[    2.173998] squashfs: version 4.0 (2009/01/31) Phillip Lougher
[    2.176494] fuse init (API version 7.26)
[    2.185778] Key type asymmetric registered
[    2.200504] Asymmetric key parser 'x509' registered
[    2.202320] Block layer SCSI generic (bsg) driver version 0.4 loaded (major 246)
[    2.205193] io scheduler noop registered
[    2.206654] io scheduler deadline registered
[    2.208252] io scheduler cfq registered (default)
[    2.210545] ACPI: AC Adapter [AC] (on-line)
[    2.212313] input: Power Button as /devices/LNXSYSTM:00/LNXPWRBN:00/input/input0
[    2.227928] ACPI: Power Button [PWRF]
[    2.230235] input: Sleep Button as /devices/LNXSYSTM:00/LNXSLPBN:00/input/input1
[    2.234504] ACPI: Sleep Button [SLPF]
[    2.239580] ACPI: Battery Slot [BAT0] (battery present)
[    2.242898] Serial: 8250/16550 driver, 32 ports, IRQ sharing enabled
[    2.272395] 00:02: ttyS0 at I/O 0x3f8 (irq = 4, base_baud = 115200) is a 16550A
[    2.295501] Linux agpgart interface v0.103
[    2.301864] loop: module loaded
[    2.309356] scsi host0: ata_piix
[    2.313445] scsi host1: ata_piix
[    2.314971] ata1: PATA max UDMA/33 cmd 0x1f0 ctl 0x3f6 bmdma 0xd000 irq 14
[    2.317447] ata2: PATA max UDMA/33 cmd 0x170 ctl 0x376 bmdma 0xd008 irq 15
[    2.319997] libphy: Fixed MDIO Bus: probed
[    2.323163] tun: Universal TUN/TAP device driver, 1.6
[    2.333689] PPP generic driver version 2.4.2
[    2.335470] ehci_hcd: USB 2.0 'Enhanced' Host Controller (EHCI) Driver
[    2.337799] ehci-pci: EHCI PCI platform driver
[    2.339435] ehci-platform: EHCI generic platform driver
[    2.342586] ohci_hcd: USB 1.1 'Open' Host Controller (OHCI) Driver
[    2.345283] ohci-pci: OHCI PCI platform driver
[    2.349643] ohci-platform: OHCI generic platform driver
[    2.352339] uhci_hcd: USB Universal Host Controller Interface driver
[    2.355725] i8042: PNP: PS/2 Controller [PNP0303:PS2K,PNP0f03:PS2M] at 0x60,0x64 irq 1,12
[    2.360524] serio: i8042 KBD port at 0x60,0x64 irq 1
[    2.363192] serio: i8042 AUX port at 0x60,0x64 irq 12
[    2.366594] mousedev: PS/2 mouse device common for all mice
[    2.370158] input: AT Translated Set 2 keyboard as /devices/platform/i8042/serio0/input/input2
[    2.372096] rtc_cmos rtc_cmos: rtc core: registered rtc_cmos as rtc0
[    2.372221] rtc_cmos rtc_cmos: alarms up to one day, 114 bytes nvram
[    2.372236] i2c /dev entries driver
[    2.372249] pcie_mp2_amd: AMD(R) PCI-E MP2 Communication Driver Version: 1.0
[    2.372364] device-mapper: uevent: version 1.0.3
[    2.372459] device-mapper: ioctl: 4.37.0-ioctl (2017-09-20) initialised: dm-devel@redhat.com
[    2.395612] ledtrig-cpu: registered to indicate activity on CPUs
[    2.399000] NET: Registered protocol family 10
[    2.422579] Segment Routing with IPv6
[    2.424425] NET: Registered protocol family 17
[    2.428021] Key type dns_resolver registered
[    2.431283] RAS: Correctable Errors collector initialized.
[    2.434211] sched_clock: Marking stable (2434165306, 0)->(3653647909, -1219482603)
[    2.439882] registered taskstats version 1
[    2.442171] Loading compiled-in X.509 certificates
[    2.449616] Loaded X.509 cert 'Build time autogenerated kernel key: e3b8f44ffaaceef3e3a84cfaebd8e5a9acebeaad'
[    2.466839] zswap: loaded using pool lzo/zbud
[    2.490219] Key type big_key registered
[    2.495423] Key type trusted registered
[    2.500795] Key type encrypted registered
[    2.503998] AppArmor: AppArmor sha1 policy hashing enabled
[    2.509489] ima: No TPM chip found, activating TPM-bypass! (rc=-19)
[    2.529947] ima: Allocated hash algorithm: sha1
[    2.532812] evm: HMAC attrs: 0x1
[    2.534639]   Magic number: 11:445:219
[    2.540571] rtc_cmos rtc_cmos: setting system clock to 2019-03-06 08:12:20 UTC (1551859940)
[    2.545486] BIOS EDD facility v0.16 2004-Jun-25, 0 devices found
[    2.549282] EDD information not available.
[    2.560487] Freeing unused kernel memory: 2408K
[    2.576931] Write protecting the kernel read-only data: 20480k
[    2.583812] Freeing unused kernel memory: 2008K
[    2.603666] Freeing unused kernel memory: 1892K
[    2.621256] x86/mm: Checked W+X mappings: passed, no W+X pages found.
[    2.634035] x86/mm: Checking user space page tables
[    2.650538] x86/mm: Checked W+X mappings: passed, no W+X pages found.
Loading, please wait...
starting version 237
[    2.965965] Fusion MPT base driver 3.04.20
[    2.972548] Copyright (c) 1999-2008 LSI Corporation
[    3.013669] e1000: Intel(R) PRO/1000 Network Driver - version 7.3.21-k8-NAPI
[    3.033592] e1000: Copyright (c) 1999-2006 Intel Corporation.
[    3.132810] Fusion MPT SPI Host driver 3.04.20
[    3.205682] tsc: Refined TSC clocksource calibration: 1496.915 MHz
[    3.208734] clocksource: tsc: mask: 0xffffffffffffffff max_cycles: 0x1593c056e2a, max_idle_ns: 440795267415 ns
[    3.310720] input: ImExPS/2 Generic Explorer Mouse as /devices/platform/i8042/serio1/input/input4
[    3.946952] e1000 0000:00:03.0 eth0: (PCI:33MHz:32-bit) 02:db:17:3a:0e:c2
[    3.950369] e1000 0000:00:03.0 eth0: Intel(R) PRO/1000 Network Connection
[    4.495689] e1000 0000:00:08.0 eth1: (PCI:33MHz:32-bit) 08:00:27:b4:09:b3
[    4.499696] e1000 0000:00:08.0 eth1: Intel(R) PRO/1000 Network Connection
[    4.507649] mptbase: ioc0: Initiating bringup
[    4.542291] e1000 0000:00:08.0 enp0s8: renamed from eth1
[    4.587691] e1000 0000:00:03.0 enp0s3: renamed from eth0
[    4.648475] ioc0: LSI53C1030 A0: Capabilities={Initiator}
[    4.895782] scsi host2: ioc0: LSI53C1030 A0, FwRev=00000000h, Ports=1, MaxQ=256, IRQ=20
[    5.078360] scsi 2:0:0:0: Direct-Access     VBOX     HARDDISK         1.0  PQ: 0 ANSI: 5
[    5.116119] scsi target2:0:0: Beginning Domain Validation
[    5.123986] scsi target2:0:0: Domain Validation skipping write tests
[    5.128652] scsi target2:0:0: Ending Domain Validation
[    5.142288] scsi target2:0:0: asynchronous
[    5.145842] scsi 2:0:1:0: Direct-Access     VBOX     HARDDISK         1.0  PQ: 0 ANSI: 5
[    5.184539] scsi target2:0:1: Beginning Domain Validation
[    5.187770] random: fast init done
[    5.225296] scsi target2:0:1: Domain Validation skipping write tests
[    5.228682] scsi target2:0:1: Ending Domain Validation
[    5.234725] scsi target2:0:1: asynchronous
[    5.249287] random: systemd-udevd: uninitialized urandom read (16 bytes read)
[    5.249476] sd 2:0:0:0: Attached scsi generic sg0 type 0
[    5.275174] sd 2:0:1:0: Attached scsi generic sg1 type 0
[    5.282009] sd 2:0:0:0: [sda] 20971520 512-byte logical blocks: (10.7 GB/10.0 GiB)
[    5.286575] random: systemd-udevd: uninitialized urandom read (16 bytes read)
[    5.286633] sd 2:0:1:0: [sdb] 20480 512-byte logical blocks: (10.5 MB/10.0 MiB)
[    5.290741] sd 2:0:1:0: [sdb] Write Protect is off
[    5.290803] sd 2:0:0:0: [sda] Write Protect is off
[    5.297452] sd 2:0:1:0: [sdb] Incomplete mode parameter data
[    5.297455] sd 2:0:1:0: [sdb] Assuming drive cache: write through
[    5.297499] sd 2:0:0:0: [sda] Incomplete mode parameter data
[    5.297501] sd 2:0:0:0: [sda] Assuming drive cache: write through
[    5.323176] random: systemd-udevd: uninitialized urandom read (16 bytes read)
[    5.336690]  sda: sda1
[    5.340997] sd 2:0:0:0: [sda] Attached SCSI disk
[    5.367758] sd 2:0:1:0: [sdb] Attached SCSI disk
Begin: Loading essential drivers ... [    7.488200] raid6: sse2x1   gen()  3010 MB/s
[    7.592733] raid6: sse2x1   xor()  1935 MB/s
[    7.661482] raid6: sse2x2   gen()  3297 MB/s
[    7.725308] raid6: sse2x2   xor()  2067 MB/s
[    7.776711] raid6: sse2x4   gen()  5400 MB/s
[    7.824542] raid6: sse2x4   xor()  3317 MB/s
[    7.893541] raid6: using algorithm sse2x4 gen() 5400 MB/s
[    7.896477] raid6: .... xor() 3317 MB/s, rmw enabled
[    7.899695] raid6: using ssse3x2 recovery algorithm
[    7.913918] xor: measuring software checksum speed
[    7.976158]    prefetch64-sse:  7013.000 MB/sec
[    8.016569]    generic_sse:  7875.000 MB/sec
[    8.018519] xor: using function: generic_sse (7875.000 MB/sec)
[    8.030305] async_tx: api initialized (async)
done.
Begin: Running /scripts/init-premount ... done.
Begin: Mounting root file system ... Begin: Running /scripts/local-top ... done.
Begin: Running /scripts/local-premount ... [    8.222451] Btrfs loaded, crc32c=crc32c-intel
Scanning for Btrfs filesystems
ddne.
Warning: fsck not present, so skipping root file system
[    8.446280] EXT4-fs (sda1): mounted filesystem with ordered data mode. Opts: (null)
done.
Begin: Running /scripts/local-bottom ... done.
Begin: Running /scripts/init-bottom ... done.
[    9.998518] ip_tables: (C) 2000-2006 Netfilter Core Team
[   10.113059] systemd[1]: systemd 237 running in system mode. (+PAM +AUDIT +SELINUX +IMA +APPARMOR +SMACK +SYSVINIT +UTMP +LIBCRYPTSETUP +GCRYPT +GNUTLS +ACL +XZ +LZ4 +SECCOMP +BLKID +ELFUTILS +KMOD -IDN2 +IDN -PCRE2 default-hierarchy=hybrid)
[   10.122494] systemd[1]: Detected virtualization oracle.
[   10.140838] systemd[1]: Detected architecture x86-64.

Welcome to [1mUbuntu 18.04.2 LTS[0m!

[   10.212404] systemd[1]: Set hostname to <ubuntu>.
[   10.262124] systemd[1]: Initializing machine ID from random generator.
[   10.267757] systemd[1]: Installed transient /etc/machine-id file.
[   10.380181] random: crng init done
[   10.381720] random: 7 urandom warning(s) missed due to ratelimiting
[   12.902681] systemd[1]: Created slice User and Session Slice.
[[0;32m  OK  [0m] Created slice User and Session Slice.
[   12.912331] systemd[1]: Reached target Swap.
[[0;32m  OK  [0m] Reached target Swap.
[   12.916983] systemd[1]: Set up automount Arbitrary Executable File Formats File System Automount Point.
[[0;32m  OK  [0m] Set up automount Arbitrary Executab…rmats File System Automount Point.
[   12.924753] systemd[1]: Reached target User and Group Name Lookups.
[[0;32m  OK  [0m] Reached target User and Group Name Lookups.
[[0;32m  OK  [0m] Reached target System Time Synchronized.
[[0;32m  OK  [0m] Created slice System Slice.
[[0;32m  OK  [0m] Listening on Device-mapper event daemon FIFOs.
[[0;32m  OK  [0m] Listening on Journal Socket.
[[0;32m  OK  [0m] Listening on udev Control Socket.
         Mounting Kernel Debug File System...
[[0;32m  OK  [0m] Listening on LVM2 metadata daemon socket.
         Starting Monitoring of LVM2 mirrors…ng dmeventd or progress polling...
[[0;32m  OK  [0m] Listening on udev Kernel Socket.
[[0;32m  OK  [0m] Listening on Journal Audit Socket.
[[0;32m  OK  [0m] Listening on Network Service Netlink Socket.
         Starting Set the console keyboard layout...
[[0;32m  OK  [0m] Listening on Journal Socket (/dev/log).
         Starting Uncomplicated firewall...
[[0;32m  OK  [0m] Listening on Syslog Socket.
         Starting Journal Service...
[[0;32m  OK  [0m] Listening on /dev/initctl Compatibility Named Pipe.
         Mounting POSIX Message Queue File System...
[[0;32m  OK  [0m] Reached target Slices.
[[0;32m  OK  [0m] Listening on LVM2 poll daemon socket.
         Starting Create list of required st…ce nodes for the current kernel...
         Mounting Huge Pages File System...
         Starting udev Coldplug all Devices...
         Starting Load Kernel Modules...
[[0;32m  OK  [0m] Created slice system-serial\x2dgetty.slice.
         Starting Remount Root and Kernel File Systems...
[[0;32m  OK  [0m] Started Forward Password Requests to Wall Directory Watch.
[[0;32m  OK  [0m] Started Journal Service.
[[0;32m  OK  [0m] Started Uncomplicated firewall.
[[0;32m  OK  [0m] Started Create list of required sta…vice nodes for the current kernel.
         Starting Create Static Device Nodes in /dev...
[[0;32m  OK  [0m] Started udev Coldplug all Devices.
[   14.141552] Loading iSCSI transport class v2.0-870.
[[0;32m  OK  [0m] Started Create Static Device Nodes in /dev.
[   14.395168] iscsi: registered transport (tcp)
[[0;32m  OK  [0[   14.683205] EXT4-fs (sda1): re-mounted. Opts: (null)
m] Mounted Kernel Debug File System.
[[0;32m  OK  [0m] Mounted POSIX Message Queue File System.
[[0;32m  OK  [0m] Mounted Huge Pages File System.
[[0;32m  OK  [0m] Started Remount Root and Kernel File Systems.
         Starting Initial cloud-init job (pre-networking)...
         Starting Flush Journal to Persistent Storage...
         Starting udev Kernel Device Manager...
         Starting Load/Save Random Seed...
[   15.407175] systemd-journald[375]: Received request to flush runtime journal from PID 1
[[0;32m  OK  [0m] Started LVM2 metadata daemon.
[[0;32m  OK  [0m] Started Load/Save Random Seed.
[   16.148223] iscsi: registered transport (iser)
[[0;32m  OK  [0m] Started Load Kernel Modules.
         Mounting FUSE Control File System...
         Mounting Kernel Configuration File System...
         Starting Apply Kernel Variables...
[[0;32m  OK  [0m] Started Set the console keyboard layout.
[[0;32m  OK  [0m] Mounted FUSE Control File System.
[[0;32m  OK  [0m] Mounted Kernel Configuration File System.
[[0;32m  OK  [0m] Started Flush Journal to Persistent Storage.
[[0;32m  OK  [0m] Started udev Kernel Device Manager.
[[0;32m  OK  [0m] Started Dispatch Password Requests to Console Directory Watch.
[[0;32m  OK  [0m] Reached target Local Encrypted Volumes.
[[0;32m  OK  [0m] Started Monitoring of LVM2 mirrors,…sing dmeventd or progress polling.
[[0;32m  OK  [0m] Reached target Local File Systems (Pre).
[[0;32m  OK  [0m] Reached target Local File Systems.
         Starting Tell Plymouth To Write Out Runtime Data...
         Starting AppArmor initialization...
         Starting Create Volatile Files and Directories...
         Starting ebtables ruleset management...
         Starting Set console font and keymap...
         Starting Commit a transient machine-id on disk...
[[0;32m  OK  [0m] Started Set console font and keymap.
[[0;32m  OK  [0m] Started Tell Plymouth To Write Out Runtime Data.
[[0;32m  OK  [0m] Started Create Volatile Files and Directories.
         Starting Update UTMP about System Boot/Shutdown...
[[0;32m  OK  [0m] Started Apply Kernel Variables.
[[0;32m  OK  [0m] Started Update UTMP about System Boot/Shutdown.
[[0;32m  OK  [0m] Started Commit a transient machine-id on disk.
[[0;32m  OK  [0m] Started ebtables ruleset management.
[[0;32m  OK  [0m] Found device /dev/ttyS0.
[[0;32m  OK  [0m] Listening on Load/Save RF Kill Switch Status /dev/rfkill Watch.
[[0;32m  OK  [0m] Started AppArmor initialization.
[   32.781046] cloud-init[392]: Cloud-init v. 18.4-0ubuntu1~18.04.1 running 'init-local' at Wed, 06 Mar 2019 08:12:49 +0000. Up 31.36 seconds.
[[0;32m  OK  [0m] Started Initial cloud-init job (pre-networking).
[[0;32m  OK  [0m] Reached target Network (Pre).
         Starting Network Service...
[[0;32m  OK  [0m] Started Network Service.
         Starting Wait for Network to be Configured...
         Starting Network Name Resolution...
[[0;32m  OK  [0m] Started Network Name Resolution.
[[0;32m  OK  [0m] Reached target Network.
[[0;32m  OK  [0m] Reached target Host and Network Name Lookups.
[[0;32m  OK  [0m] Started Wait for Network to be Configured.
         Starting Initial cloud-init job (metadata service crawler)...
[   36.687418] cloud-init[628]: Cloud-init v. 18.4-0ubuntu1~18.04.1 running 'init' at Wed, 06 Mar 2019 08:12:54 +0000. Up 36.15 seconds.
[   36.697137] cloud-init[628]: ci-info: ++++++++++++++++++++++++++++++++++++++Net device info++++++++++++++++++++++++++++++++++++++
[   36.702946] cloud-init[628]: ci-info: +--------+-------+---------------------------+---------------+--------+-------------------+
[   36.709528] cloud-init[628]: ci-info: | Device |   Up  |          Address          |      Mask     | Scope  |     Hw-Address    |
[   36.715285] cloud-init[628]: ci-info: +--------+-------+---------------------------+---------------+--------+-------------------+
[   36.721176] cloud-init[628]: ci-info: | enp0s3 |  True |         10.0.2.15         | 255.255.255.0 | global | 02:db:17:3a:0e:c2 |
[   36.735496] cloud-init[628]: ci-info: | enp0s3 |  True | fe80::db:17ff:fe3a:ec2/64 |       .       |  link  | 02:db:17:3a:0e:c2 |
[   36.739741] cloud-init[628]: ci-info: | enp0s8 | False |             .             |       .       |   .    | 08:00:27:b4:09:b3 |
[   36.752668] cloud-init[628]: ci-info: |   lo   |  True |         127.0.0.1         |   255.0.0.0   |  host  |         .         |
[   36.786365] cloud-init[628]: ci-info: |   lo   |  True |          ::1/128          |       .       |  host  |         .         |
[   36.791531] cloud-init[628]: ci-info: +--------+-------+---------------------------+---------------+--------+-------------------+
[   36.802483] cloud-init[628]: ci-info: ++++++++++++++++++++++++++++Route IPv4 info+++++++++++++++++++++++++++++
[   36.807841] cloud-init[628]: ci-info: +-------+-------------+----------+-----------------+-----------+-------+
[   36.813435] cloud-init[628]: ci-info: | Route | Destination | Gateway  |     Genmask     | Interface | Flags |
[   36.818825] cloud-init[628]: ci-info: +-------+-------------+----------+-----------------+-----------+-------+
[   36.824135] cloud-init[628]: ci-info: |   0   |   0.0.0.0   | 10.0.2.2 |     0.0.0.0     |   enp0s3  |   UG  |
[   36.829643] cloud-init[628]: ci-info: |   1   |   10.0.2.0  | 0.0.0.0  |  255.255.255.0  |   enp0s3  |   U   |
[   36.834625] cloud-init[628]: ci-info: |   2   |   10.0.2.2  | 0.0.0.0  | 255.255.255.255 |   enp0s3  |   UH  |
[   36.839753] cloud-init[628]: ci-info: +-------+-------------+----------+-----------------+-----------+-------+
[   36.846261] cloud-init[628]: ci-info: +++++++++++++++++++Route IPv6 info+++++++++++++++++++
[   36.887740] cloud-init[628]: ci-info: +-------+-------------+---------+-----------+-------+
[   36.893174] cloud-init[628]: ci-info: | Route | Destination | Gateway | Interface | Flags |
[   36.898520] cloud-init[628]: ci-info: +-------+-------------+---------+-----------+-------+
[   36.905168] cloud-init[628]: ci-info: |   1   |  fe80::/64  |    ::   |   enp0s3  |   U   |
[   36.910020] cloud-init[628]: ci-info: |   3   |    local    |    ::   |   enp0s3  |   U   |
[   36.915686] cloud-init[628]: ci-info: |   4   |   ff00::/8  |    ::   |   enp0s3  |   U   |
[   36.921644] cloud-init[628]: ci-info: +-------+-------------+---------+-----------+-------+
[   41.311378] cloud-init[628]: Generating public/private rsa key pair.
[   41.328211] cloud-init[628]: Your identification has been saved in /etc/ssh/ssh_host_rsa_key.
[   41.399944] cloud-init[628]: Your public key has been saved in /etc/ssh/ssh_host_rsa_key.pub.
[   41.404332] cloud-init[628]: The key fingerprint is:
[   41.453442] cloud-init[628]: SHA256:ggCe+tJD25J2YhmrBMIk/CDS6iTTpB4OWEf0YFzQIwU root@ubuntu-bionic
[   41.458969] cloud-init[628]: The key's randomart image is:
[   41.468777] cloud-init[628]: +---[RSA 2048]----+
[   41.471723] cloud-init[628]: |.  oE*o          |
[   41.474717] cloud-init[628]: |oo.oooo          |
[   41.477826] cloud-init[628]: |+*= ....         |
[   41.480798] cloud-init[628]: |O*oo .           |
[   41.483697] cloud-init[628]: |@++.. . S        |
[   41.507164] cloud-init[628]: |X=.B   .         |
[   41.639884] cloud-init[628]: |.=& o            |
[   41.643165] cloud-init[628]: |.= =             |
[   41.646280] cloud-init[628]: |.                |
[   41.649285] cloud-init[628]: +----[SHA256]-----+
[   41.652342] cloud-init[628]: Generating public/private dsa key pair.
[   41.656004] cloud-init[628]: Your identification has been saved in /etc/ssh/ssh_host_dsa_key.[[0;32m  OK  [0m] Started Initial cloud-init job (metadata service crawler).

[[0;32m  OK  [0m] Reached target Cloud-config availability.
[[0;32m  OK  [0m] Reached target System Initialization.
         Starting Socket activation for snappy daemon.
[   41.721581] cloud-init[628]: Your public key has been saved in /etc/ssh/ssh_host_dsa_key.pub.
[   41.730014] cloud-init[628]: The key fingerprint is:
[   41.733366] cloud-init[628]: SHA256:/1NEdG15gfrZvLS4vveZ25j/ZHHmylfLhSK+eFmcllQ root@ubuntu-bionic
[   41.738646] cloud-init[628]: The key's randomart image is:
[   41.742509] cloud-init[628]: +---[DSA 1024]----+
[   41.745799] [[0;32m  OK  [0m] Started ACPI Events Check.
cloud-init[[0;32m  OK  [0m] Reached target Paths.
[628]: [[0;32m  OK  [0m] Listening on D-Bus System Message Bus Socket.
|             .o.=|[[0;32m  OK  [0m] Started Daily Cleanup of Temporary Directories.

[[0;32m  OK  [0m] Started Discard unused blocks once a week.
[[0;32m  OK  [0m] Listening on UUID daemon activation socket.
[[0;32m  OK  [0m] Started Message of the Day.
         Starting LXD - unix socket.
[[0;32m  OK  [0m] Listening on ACPID Listen Socket.
[[0;32m  OK  [0m] Started Daily apt download activities.
[[0;32m  OK  [0m] Started Daily apt upgrade and clean activities.
[[0;32m  OK  [0m] Reached target Timers.
[[0;32m  OK  [0m] Listening on Open-iSCSI iscsid Socket.
[[0;32m  OK  [0m] Reached target Network is Online.
         Starting Availability of block devices...
[[0;32m  OK  [0m] Reached target Remote File Systems (Pre).
[[0;32m  OK  [0m] Reached target Remote File Systems.
[[0;32m  OK  [0m] Listening on Socket activation for snappy daemon.
[[0;32m  OK  [0m] Listening on LXD - unix socket.
[[0;32m  OK  [0m] Reached target Sockets.
[[0;32m  OK  [0m] Reached target Basic System.
         Starting Pollinate to seed the pseudo random number generator...
[[0;32m  OK  [0m] Started FUSE filesystem for LXC.
         Starting LSB: automatic crash report generation...
[[0;32m  OK  [0m] Started D-Bus System Message Bus.
[   41.964854] cloud-init[628]: |             .Eo+|
[   41.967563] cloud-init[628]: |            .o ..|
[   41.973811] cloud-init[628]: |           .. .  |
[   41.977018] cloud-init[628]: |        S  o.++oo|
[   41.979683] cloud-init[628]: |         .. Boo*=|
[   41.982425] cloud-init[628]: |         ..= o+ X|
[   41.985308] cloud-init[628]: |         .+..o %=|
[   41.988870] cloud-init[628]: |        ....o=O*O|
[   41.998203] cloud-init[628]: +----[SHA256]-----+
[   42.001159] cloud-init[628]: Generating public/private ecdsa key pair.
[   42.004980] cloud-init[628]: Your identification has been saved in /etc/ssh/ssh_host_ecdsa_key.
[   42.010589] cloud-init[628]: Your public key has been saved in /etc/ssh/ssh_host_ecdsa_key.pub.
[   42.015105] cloud-init[628]: The key fingerprint is:
[   42.019714] cloud-init[628]: SHA256:oMTPCagaZOJzqW9xCJyeoYeyZO5Fz+8E70gKsmOZQ6g root@ubuntu-bionic
[   42.037333] cloud-init[628]: The key's randomart image is:
[   42.050956] cloud-init[628]: +---[ECDSA 256]---+
[   42.079797] cloud-init[628]: |                 |
[   42.082053] cloud-init[628]: |   o             |
[   42.084357] cloud-init[628]: |ooo + .          |
[   42.087212] cloud-init[628]: |=* ..= o         |
[   42.090458] cloud-init[628]: |*+++o.+ S        |
[   42.092752] cloud-init[628]: |*B*oo.o          |
[   42.095246] cloud-init[628]: |X=o.o+ o         |
[   42.097662] cloud-init[628]: |EB+.o =          |
[   42.099953] cloud-init[628]: |+ooo ..+         |
[   42.103296] cloud-init[628]: +----[SHA256]-----+
[   42.106478] cloud-init[628]: Generating public/private ed25519 key pair.
[   42.109625] cloud-init[628]: Your identification has been saved in /etc/ssh/ssh_host_ed25519_key.
[   42.115101] cloud-init[628]: Your public key has been saved in /etc/ssh/ssh_host_ed25519_key.pub.
[   42.131157] cloud-init[628]: The key fingerprint is:
[   42.174610] cloud-init[628]: SHA256:ExyQDuLxX87LY+GEucym/aSaHjSXpMZrqjpiX34Po6M root@ubuntu-bionic
[   42.187800] cloud-init[628]: The key's randomart image is:
[   42.191175] cloud-init[628]: +--[ED25519 256]--+
[   42.194316] cloud-init[628]: |      .o.        |
[   42.197271] cloud-init[628]: |  o . .. .       |
[   42.200201] cloud-init[628]: | . + o. o        |
[   42.203148] cloud-init[628]: |  ...o....       |
[   42.206089] cloud-init[628]: |    *.o*S        |
[   42.224544] cloud-init[628]: |   o ++ =.       |
[   42.248506] cloud-init[628]: |    ++ B.o       |
[   42.251717] cloud-init[628]: |o. oo=*+O        |
[   42.262065] cloud-init[628]: |*ooE**=ooo       |
[   42.280666] cloud-init[628]: +----[SHA256]-----+
         Starting Login Service...
[[0;32m  OK  [0m] Started Deferred execution scheduler.
         Starting Virtualbox guest utils...
[[0;32m  OK  [0m] Started Regular background program processing daemon.
         Starting Permit User Sessions...
         Starting System Logging Service...
         Starting Dispatcher daemon for systemd-networkd...
         Starting LSB: Record successful boot for GRUB...
         Starting Snappy daemon...
[[0;32m  OK  [0m] Started irqbalance daemon.
         Starting Accounts Service...
         Starting LXD - container startup/shutdown...
[[0;32m  OK  [0m] Started Availability of block devices.
[[0;32m  OK  [0m] Started Permit User Sessions.
[[0;32m  OK  [0m] Started Login Service.
[[0;32m  OK  [0m] Started Unattended Upgrades Shutdown.
         Starting Hold until boot process finishes up...
         Starting Terminate Plymouth Boot Screen...
[[0;32m  OK  [0m] Started Hold until boot process finishes up.
         Starting Set console scheme...
[[0;32m  OK  [0m] Started Serial Getty on ttyS0.
[[0;32m  OK  [0m] Started Terminate Plymouth Boot Screen.
[[0;32m  OK  [0m] Started System Logging Service.
[[0;32m  OK  [0m] Started Set console scheme.
[[0;32m  OK  [0m] Created slice system-getty.slice.
[[0;32m  OK  [0m] Started Getty on tty1.
[[0;32m  OK  [0m] Reached target Login Prompts.
[[0;32m  OK  [0m] Started LSB: automatic crash report generation.
[[0;32m  OK  [0m] Started LSB: Record successful boot for GRUB.
[[0;32m  OK  [0m] Started Virtualbox guest utils.
         Starting Authorization Manager...
[[0;32m  OK  [0m] Started Authorization Manager.
[[0;32m  OK  [0m] Started Accounts Service.
[[0;32m  OK  [0m] Started Dispatcher daemon for systemd-networkd.

Ubuntu 18.04.2 LTS ubuntu-bionic ttyS0

ubuntu-bionic login: [   67.147955] cloud-init[1498]: Cloud-init v. 18.4-0ubuntu1~18.04.1 running 'modules:config' at Wed, 06 Mar 2019 08:13:22 +0000. Up 64.57 seconds.
ci-info: no authorized ssh keys fingerprints found for user ubuntu.
<14>Mar  6 08:13:26 ec2: 
<14>Mar  6 08:13:26 ec2: #############################################################
<14>Mar  6 08:13:26 ec2: -----BEGIN SSH HOST KEY FINGERPRINTS-----
<14>Mar  6 08:13:26 ec2: 1024 SHA256:/1NEdG15gfrZvLS4vveZ25j/ZHHmylfLhSK+eFmcllQ root@ubuntu-bionic (DSA)
<14>Mar  6 08:13:26 ec2: 256 SHA256:oMTPCagaZOJzqW9xCJyeoYeyZO5Fz+8E70gKsmOZQ6g root@ubuntu-bionic (ECDSA)
<14>Mar  6 08:13:26 ec2: 256 SHA256:ExyQDuLxX87LY+GEucym/aSaHjSXpMZrqjpiX34Po6M root@ubuntu-bionic (ED25519)
<14>Mar  6 08:13:26 ec2: 2048 SHA256:ggCe+tJD25J2YhmrBMIk/CDS6iTTpB4OWEf0YFzQIwU root@ubuntu-bionic (RSA)
<14>Mar  6 08:13:26 ec2: -----END SSH HOST KEY FINGERPRINTS-----
<14>Mar  6 08:13:26 ec2: #############################################################
-----BEGIN SSH HOST KEY KEYS-----
ecdsa-sha2-nistp256 AAAAE2VjZHNhLXNoYTItbmlzdHAyNTYAAAAIbmlzdHAyNTYAAABBBCBLfim1a3Xg6IkKQVoInTh5x28/jn3DMIOnQMRTOWZcuraK+0CHdiC8QwCdBWp3sCqb/cJ34MSjnltUB82glSU= root@ubuntu-bionic
ssh-ed25519 AAAAC3NzaC1lZDI1NTE5AAAAIOENfPi7kWJB0Fq/Z19Tjq0dzG/cm84sP1MKYFfXPXBi root@ubuntu-bionic
ssh-rsa AAAAB3NzaC1yc2EAAAADAQABAAABAQDEoygqkOPmD/D6F2VwHFu0je8adiEoJtnRxouMGHCNbyAfqr/2J0A58eU8Ry64LLnpgrnf5xm83D8rJHOUKO1AS0AqQKPXmMGet2iZSEBQKKGXAJcFkyYCg02kVDg5FfY+xfWOWkNHzfosOfmaLi0DAxIGwREJQdp7bF71fyRzuPXfZTd8cKtZV653nm1znPWG8C2bAORsDHtk02VduoQTKah7UF8Fc/lHBoH+KcBFAkeH2uHFkySje1nWeGnLGZnrDDGHpabItLesBA6hpoZ/oku89u+f8k3D0TRF09ISRPGN/G4nywe6JTUyyRHvughtajiH/X+q2eTSIzQP0IbJ root@ubuntu-bionic
-----END SSH HOST KEY KEYS-----
[   68.932636] cloud-init[1661]: Cloud-init v. 18.4-0ubuntu1~18.04.1 running 'modules:final' at Wed, 06 Mar 2019 08:13:26 +0000. Up 68.46 seconds.
[   68.933867] cloud-init[1661]: ci-info: no authorized ssh keys fingerprints found for user ubuntu.
[   68.934593] cloud-init[1661]: Cloud-init v. 18.4-0ubuntu1~18.04.1 finished at Wed, 06 Mar 2019 08:13:26 +0000. Datasource DataSourceNoCloud [seed=/dev/sdb][dsmode=net].  Up 68.86 seconds
